****************************************
Report : Averaged Power
	-hierarchy
Design : hw2_pipe
Version: V-2023.12
Date   : Thu Oct 17 20:49:42 2024
****************************************



                                      Int      Switch   Leak     Total
Hierarchy                             Power    Power    Power    Power    %
----------------------------------------------------------------------------------
hw2_pipe                              1.45e-05 5.83e-06 1.74e-07 2.05e-05 100.0
  fs (first_stage)                    3.48e-06 8.99e-07 2.19e-08 4.40e-06  21.5
    sub_23 (first_stage_DW01_sub_0)   5.04e-07 2.76e-07 5.90e-09 7.86e-07   3.8
    add_23 (first_stage_DW01_add_0)   4.31e-07 1.57e-07 5.20e-09 5.93e-07   2.9
    dff8 (D_FF_8)                     2.26e-06 3.29e-07 8.06e-09 2.60e-06  12.7
      ff_gen_7__ff_inst (D_FF_19)     2.32e-07 6.26e-10 7.55e-10 2.33e-07   1.1
      ff_gen_6__ff_inst (D_FF_20)     2.73e-07 3.39e-08 8.63e-10 3.08e-07   1.5
      ff_gen_5__ff_inst (D_FF_21)     2.95e-07 5.17e-08 9.26e-10 3.47e-07   1.7
      ff_gen_1__ff_inst (D_FF_25)     2.86e-07 4.79e-08 9.56e-10 3.35e-07   1.6
      ff_gen_4__ff_inst (D_FF_22)     2.90e-07 4.62e-08 9.09e-10 3.37e-07   1.6
      ff_gen_0__ff_inst (D_FF_0)      2.79e-07 1.44e-08 9.57e-10 2.94e-07   1.4
      ff_gen_3__ff_inst (D_FF_23)     3.17e-07 8.52e-08 1.49e-09 4.03e-07   2.0
      ff_gen_2__ff_inst (D_FF_24)     2.93e-07 4.68e-08 9.53e-10 3.41e-07   1.7
  ss (second_stage)                   1.10e-05 4.94e-06 1.52e-07 1.61e-05  78.5
    mult_34 (second_stage_DW_mult_uns_2)
                                      6.70e-06 4.93e-06 1.38e-07 1.18e-05  57.4
    dff16 (D_FF_16)                   4.32e-06 1.05e-08 1.37e-08 4.34e-06  21.2
      ff_gen_14__ff_inst (D_FF_2)     2.37e-07 4.22e-10 7.55e-10 2.38e-07   1.2
      ff_gen_7__ff_inst (D_FF_10)     2.93e-07 4.22e-10 8.57e-10 2.94e-07   1.4
      ff_gen_1__ff_inst (D_FF_17)     2.76e-07 4.22e-10 8.42e-10 2.77e-07   1.4
      ff_gen_9__ff_inst (D_FF_7)      2.88e-07 4.22e-10 8.42e-10 2.89e-07   1.4
      ff_gen_2__ff_inst (D_FF_15)     2.74e-07 4.22e-10 8.61e-10 2.75e-07   1.3
      ff_gen_11__ff_inst (D_FF_5)     2.67e-07 4.22e-10 7.97e-10 2.68e-07   1.3
      ff_gen_4__ff_inst (D_FF_13)     2.95e-07 4.22e-10 8.54e-10 2.97e-07   1.4
      ff_gen_13__ff_inst (D_FF_3)     2.48e-07 4.22e-10 7.55e-10 2.49e-07   1.2
      ff_gen_6__ff_inst (D_FF_11)     2.83e-07 4.22e-10 8.59e-10 2.84e-07   1.4
      ff_gen_15__ff_inst (D_FF_1)     2.35e-07 4.22e-10 7.55e-10 2.36e-07   1.2
      ff_gen_0__ff_inst (D_FF_18)     2.53e-07 4.22e-10 8.22e-10 2.55e-07   1.2
      ff_gen_8__ff_inst (D_FF_9)      2.83e-07 4.22e-10 8.35e-10 2.84e-07   1.4
      ff_gen_10__ff_inst (D_FF_6)     2.67e-07 4.22e-10 8.23e-10 2.68e-07   1.3
      ff_gen_3__ff_inst (D_FF_14)     2.81e-07 4.22e-10 8.63e-10 2.82e-07   1.4
      ff_gen_12__ff_inst (D_FF_4)     2.45e-07 4.22e-10 7.67e-10 2.46e-07   1.2
      ff_gen_5__ff_inst (D_FF_12)     2.95e-07 4.22e-10 8.69e-10 2.96e-07   1.4
1
